[0;34m[INFO][0m Log file: /home/salvo/Scrivania/s4t_unified-deploy/stack4things-improved/scripts/../logs/run-crd-suite-20260327-125008.log
[0;34m[INFO][0m Plugin name: auto-discovery da creazione live

[0;34m[INFO][0m === Cleanup board esistenti ===

==========================================
  PULIZIA BOARD E LIGHTNING ROD
==========================================

Sei sicuro di voler cancellare tutte le board? (yes/no): ﻭﺅﺕ  Cancellazione Device Crossplane...
No resources found
ﻭﺅﺕ  Cancellazione Lightning Rod pods...
No resources found
ﻭﺅﺕ  Cancellazione Lightning Rod deployments...
No resources found
ﻭﺅﺕ  Pulizia database...
ERROR 1146 (42S02) at line 1: Table 'iotronic.wamp_sessions' doesn't exist
command terminated with exit code 1
[1;33mﻗ ﺅﺕ  Tabella wamp_sessions non trovata o giﺣ  vuota[0m
ERROR 1146 (42S02) at line 6: Table 'iotronic.injected_plugins' doesn't exist
command terminated with exit code 1
[1;33mﻗ ﺅﺕ  Errore nella cancellazione di plugin/servizi[0m
ﻭ۶ Correzione wampagents (solo uno attivo)...
[0;32mﻗ Database pulito e wagents corretti[0m

==========================================
[0;32mﻗ PULIZIA COMPLETATA[0m
==========================================

[0;32m[OK][0m Cleanup board esistenti completato

[0;34m[INFO][0m === Creazione board CRD ===

==========================================
  CREAZIONE 5 BOARD
==========================================

ﻭ۵ Creazione 5 board tramite Crossplane...
device.iot.s4t.crossplane.io/test-board-1 created
device.iot.s4t.crossplane.io/test-board-2 created
device.iot.s4t.crossplane.io/test-board-3 created
device.iot.s4t.crossplane.io/test-board-4 created
device.iot.s4t.crossplane.io/test-board-5 created

ﻗﺏ Attesa creazione board (15 secondi)...

ﻭ Verifica board create:
NAME           BOARD NAME   BOARD STATUS   BOARD LOCATION   READY   SYNCED   EXTERNAL-NAME   AGE
test-board-1                                                True    True     test-board-1    26s
test-board-2                                                True    True     test-board-2    24s
test-board-3                                                True    True     test-board-3    22s
test-board-4                                                True    True     test-board-4    20s
test-board-5                                                True    True     test-board-5    17s

ﻭ Board codes:
  - TEST-BOARD-1774612230-1
  - TEST-BOARD-1774612232-2
  - TEST-BOARD-1774612234-3
  - TEST-BOARD-1774612236-4
  - TEST-BOARD-1774612238-5

ﻗ۰ Creazione Lightning Rod per ogni board...

  Creazione Lightning Rod per: TEST-BOARD-1774612230-1
Lightning Rod creato per board: TEST-BOARD-1774612230-1

Per vedere i log:
  kubectl logs -n default -l board-code=TEST-BOARD-1774612230-1 -f


  Creazione Lightning Rod per: TEST-BOARD-1774612232-2
Lightning Rod creato per board: TEST-BOARD-1774612232-2

Per vedere i log:
  kubectl logs -n default -l board-code=TEST-BOARD-1774612232-2 -f


  Creazione Lightning Rod per: TEST-BOARD-1774612234-3
Lightning Rod creato per board: TEST-BOARD-1774612234-3

Per vedere i log:
  kubectl logs -n default -l board-code=TEST-BOARD-1774612234-3 -f


  Creazione Lightning Rod per: TEST-BOARD-1774612236-4
Lightning Rod creato per board: TEST-BOARD-1774612236-4

Per vedere i log:
  kubectl logs -n default -l board-code=TEST-BOARD-1774612236-4 -f


  Creazione Lightning Rod per: TEST-BOARD-1774612238-5
Lightning Rod creato per board: TEST-BOARD-1774612238-5

Per vedere i log:
  kubectl logs -n default -l board-code=TEST-BOARD-1774612238-5 -f


ﻗﺏ Attesa pod Lightning Rod ready...
pod/lightning-rod-test-board-1774612230-1-5db5847668-psmdz condition met
pod/lightning-rod-test-board-1774612232-2-58b7dfd886-k8fns condition met
pod/lightning-rod-test-board-1774612234-3-5b95895d96-bzwt7 condition met
pod/lightning-rod-test-board-1774612236-4-59bc74777d-ggdbl condition met
pod/lightning-rod-test-board-1774612238-5-787b56985b-bc9wq condition met

ﻭ۶ Verifica wampagent attivo...
  Correzione wagents duplicati...
  Wagent attivo: iotronic-wagent-6c7cc4798b-n7h9t
  Aggiornamento board con wagent attivo...
[0;32m  ﻗ Board configurate con wagent attivo[0m
  Riavvio conductor...
pod "iotronic-conductor-5f78786544-9kq2t" deleted from default namespace

ﻗﺏ Attesa connessione board (60 secondi)...

==========================================
  STATO FINALE
==========================================

ﻭ Board e stato:
code	status	agent
TEST-BOARD-1774612230-1	registered	iotronic-wagent-6c7cc4798b-n7h9t
TEST-BOARD-1774612232-2	registered	iotronic-wagent-6c7cc4798b-n7h9t
TEST-BOARD-1774612234-3	registered	iotronic-wagent-6c7cc4798b-n7h9t
TEST-BOARD-1774612236-4	registered	iotronic-wagent-6c7cc4798b-n7h9t
TEST-BOARD-1774612238-5	registered	iotronic-wagent-6c7cc4798b-n7h9t

ﻭ Statistiche:
  Board totali: 5
  Board online: 0

==========================================
[0;32mﻗ COMPLETATO[0m
==========================================

Le board dovrebbero connettersi e diventare online entro pochi minuti.
Verifica lo stato dalla dashboard o con:
  kubectl exec -n default <db-pod> -- mysql -uroot -ps4t iotronic -e "SELECT code, status FROM boards;"

[0;32m[OK][0m Creazione board CRD completato
[0;34m[INFO][0m Board live selezionata per injection: TEST-BOARD-1774612238-5

[0;34m[INFO][0m === Compilazione settings board ===

==========================================
  COMPILAZIONE SETTINGS.JSON PER TUTTE LE BOARD
==========================================

WSS URL: wss://crossbar.default.svc.cluster.local:8181/
WAMP Realm: s4t


Board: TEST-BOARD-1774612230-1
  Nota: UUID verrﺣ  aggiunto dal cloud alla prima connessione
  Pod: lightning-rod-test-board-1774612230-1-5db5847668-psmdz
[INFO] settings.json compilato per board: TEST-BOARD-1774612230-1
[0;32m  ﻗ settings.json compilato[0m

Board: TEST-BOARD-1774612232-2
  Nota: UUID verrﺣ  aggiunto dal cloud alla prima connessione
  Pod: lightning-rod-test-board-1774612232-2-58b7dfd886-k8fns
[INFO] settings.json compilato per board: TEST-BOARD-1774612232-2
[0;32m  ﻗ settings.json compilato[0m

Board: TEST-BOARD-1774612234-3
  Nota: UUID verrﺣ  aggiunto dal cloud alla prima connessione
  Pod: lightning-rod-test-board-1774612234-3-5b95895d96-bzwt7
[INFO] settings.json compilato per board: TEST-BOARD-1774612234-3
[0;32m  ﻗ settings.json compilato[0m

Board: TEST-BOARD-1774612236-4
  Nota: UUID verrﺣ  aggiunto dal cloud alla prima connessione
  Pod: lightning-rod-test-board-1774612236-4-59bc74777d-ggdbl
[INFO] settings.json compilato per board: TEST-BOARD-1774612236-4
[0;32m  ﻗ settings.json compilato[0m

Board: TEST-BOARD-1774612238-5
  Nota: UUID verrﺣ  aggiunto dal cloud alla prima connessione
  Pod: lightning-rod-test-board-1774612238-5-787b56985b-bc9wq
[INFO] settings.json compilato per board: TEST-BOARD-1774612238-5
[0;32m  ﻗ settings.json compilato[0m

==========================================
[0;32mﻗ COMPLETATO[0m
==========================================

Board processate: 5
Settings.json compilati: 5

[0;32m[OK][0m Compilazione settings board completato

[0;34m[INFO][0m === Allineamento board online ===
[INFO] Stato board aggiornato da sessioni valide
code	status	agent
TEST-BOARD-1774612230-1	online	iotronic-wagent-6c7cc4798b-n7h9t
TEST-BOARD-1774612232-2	online	iotronic-wagent-6c7cc4798b-n7h9t
TEST-BOARD-1774612234-3	online	iotronic-wagent-6c7cc4798b-n7h9t
TEST-BOARD-1774612236-4	online	iotronic-wagent-6c7cc4798b-n7h9t
TEST-BOARD-1774612238-5	online	iotronic-wagent-6c7cc4798b-n7h9t
[0;32m[OK][0m Allineamento board online completato

[0;34m[INFO][0m === Test creazione plugin ===

==========================================
  TEST CREAZIONE PLUGIN
==========================================

1. Creazione plugin: test-plugin-1774612417
plugin.iot.s4t.crossplane.io/test-plugin-1774612417 created

2. Attesa creazione plugin (60 secondi)...
  [1/12] Ready: False, Synced: True
  [2/12] Ready: True, Synced: True
[0;32mPlugin creato con successo![0m

3. Stato finale plugin:
NAME                     NAME   READY   SYNCED   EXTERNAL-NAME            AGE
test-plugin-1774612417          True    True     test-plugin-1774612417   11s

4. Verifica nel database:
uuid	name
f4b07114-8309-45de-8531-0afac1f250cd	Test Plugin

5. Log Crossplane Provider:
 Version:}} Status:{ResourceStatus:{ConditionedStatus:{Conditions:[{Type:Ready Status:False LastTransitionTime:2026-03-27 11:53:40 +0000 UTC Reason:Creating Message: ObservedGeneration:0} {Type:Synced Status:True LastTransitionTime:2026-03-27 11:53:40 +0000 UTC Reason:ReconcileSuccess Message: ObservedGeneration:0}]} ObservedStatus:{ObservedGeneration:0}} AtProvider:{Name:}}}Observing: &{TypeMeta:{Kind:Plugin APIVersion:iot.s4t.crossplane.io/v1alpha1} ObjectMeta:{Name:test-plugin-1774612417 GenerateName: Namespace: SelfLink: UID:b8e038f2-8092-47e1-852a-d07726647d1c ResourceVersion:5377 Generation:2 CreationTimestamp:2026-03-27 11:53:37 +0000 UTC DeletionTimestamp:<nil> DeletionGracePeriodSeconds:<nil> Labels:map[] Annotations:map[crossplane.io/external-create-pending:2026-03-27T11:53:40Z crossplane.io/external-create-succeeded:2026-03-27T11:53:40Z crossplane.io/external-name:test-plugin-1774612417 kubectl.kubernetes.io/last-applied-configuration:{"apiVersion":"iot.s4t.crossplane.io/v1alpha1","kind":"Plugin","metadata":{"annotations":{},"name":"test-plugin-1774612417"},"spec":{"deletionPolicy":"Delete","forProvider":{"code":"from iotronic_lightningrod.modules.plugins import Plugin\nfrom oslo_log import log as logging\nimport time\n\nLOG = logging.getLogger(__name__)\n\nclass Worker(Plugin.Plugin):\n    def __init__(self, uuid, name, q_result=None, params=None):\n        super(Worker, self).__init__(uuid, name, q_result, params)\n        \n    def run(self):\n        LOG.info(f\"Plugin {self.name} started\")\n        LOG.info(f\"Input parameters: {self.params}\")\n        while self._is_running:\n            LOG.info(\"Plugin running...\")\n            time.sleep(5)\n        LOG.info(\"Plugin stopped\")\n        if self.q_result:\n            self.q_result.put(\"SUCCESS\")\n","name":"Test Plugin","parameters":{"test":true}},"providerConfigRef":{"name":"s4t-provider-domain"}}}
] OwnerReferences:[] Finalizers:[finalizer.managedresource.crossplane.io] ManagedFields:[{Manager:kubectl-client-side-apply Operation:Update APIVersion:iot.s4t.crossplane.io/v1alpha1 Time:2026-03-27 11:53:37 +0000 UTC FieldsType:FieldsV1 FieldsV1:{"f:metadata":{"f:annotations":{".":{},"f:kubectl.kubernetes.io/last-applied-configuration":{}}},"f:spec":{".":{},"f:deletionPolicy":{},"f:forProvider":{".":{},"f:code":{},"f:name":{},"f:parameters":{".":{},"f:test":{}}},"f:managementPolicies":{},"f:providerConfigRef":{".":{},"f:name":{}}}} Subresource:} {Manager:crossplane-s4t-provider Operation:Update APIVersion:iot.s4t.crossplane.io/v1alpha1 Time:2026-03-27 11:53:40 +0000 UTC FieldsType:FieldsV1 FieldsV1:{"f:metadata":{"f:annotations":{"f:crossplane.io/external-create-pending":{},"f:crossplane.io/external-create-succeeded":{},"f:crossplane.io/external-name":{}},"f:finalizers":{".":{},"v:\"finalizer.managedresource.crossplane.io\"":{}}},"f:spec":{"f:forProvider":{"f:uuid":{}}}} Subresource:} {Manager:crossplane-s4t-provider Operation:Update APIVersion:iot.s4t.crossplane.io/v1alpha1 Time:2026-03-27 11:53:43 +0000 UTC FieldsType:FieldsV1 FieldsV1:{"f:status":{".":{},"f:atProvider":{".":{},"f:name":{}},"f:conditions":{".":{},"k:{\"type\":\"Ready\"}":{".":{},"f:lastTransitionTime":{},"f:reason":{},"f:status":{},"f:type":{}},"k:{\"type\":\"Synced\"}":{".":{},"f:lastTransitionTime":{},"f:reason":{},"f:status":{},"f:type":{}}}}} Subresource:status}]} Spec:{ResourceSpec:{WriteConnectionSecretToReference:<nil> PublishConnectionDetailsTo:<nil> ProviderConfigReference:0xc000b5f800 ManagementPolicies:[*] DeletionPolicy:Delete} ForProvider:{Uuid:f4b07114-8309-45de-8531-0afac1f250cd Name:Test Plugin Parameters:{Raw:[123 34 116 101 115 116 34 58 116 114 117 101 125] Object:<nil>} Code:from iotronic_lightningrod.modules.plugins import Plugin
class Worker(Plugin.Plugin):
        LOG.info(f"Plugin {self.name} started")
            LOG.info("Plugin running...")
        LOG.info("Plugin stopped")

==========================================
Test completato!
==========================================
[0;32m[OK][0m Test creazione plugin completato
[0;34m[INFO][0m Plugin live selezionato per injection: test-plugin-1774612417

[0;34m[INFO][0m === Injection plugin via CRD ===

==========================================
  INJECTING PLUGIN USING CRD
==========================================

Board Code: TEST-BOARD-1774612238-5
Plugin Name: test-plugin-1774612417

Board UUID: 92f78573-562c-4add-8d31-7a43b5deed28
Plugin UUID: f4b07114-8309-45de-8531-0afac1f250cd

Creating BoardPluginInjection CRD: injection-test-board-1774612238-5-test-plugin-1774612417
boardplugininjection.iot.s4t.crossplane.io/injection-test-board-1774612238-5-test-plugin-1774612417 created

Waiting for injection to be ready...
NAME                                                       READY   SYNCED   EXTERNAL-NAME                                              AGE
injection-test-board-1774612238-5-test-plugin-1774612417   False   False    injection-test-board-1774612238-5-test-plugin-1774612417   5s

==========================================
[0;32mInjection created![0m
==========================================

To verify injection:
  kubectl get boardplugininjection injection-test-board-1774612238-5-test-plugin-1774612417 -n default
  kubectl describe boardplugininjection injection-test-board-1774612238-5-test-plugin-1774612417 -n default

To check in database:
  DB_POD=$(kubectl get pod -n default -l io.kompose.service=iotronic-db -o jsonpath='{.items[0].metadata.name}')
  kubectl exec -n default $DB_POD -- mysql -uroot -ps4t iotronic -e "SELECT * FROM injected_plugins WHERE board='92f78573-562c-4add-8d31-7a43b5deed28' AND plugin='f4b07114-8309-45de-8531-0afac1f250cd';"
[0;32m[OK][0m Injection plugin via CRD completato

[0;34m[INFO][0m === Verifica plugin e injection ===

==========================================
  VERIFICA PLUGIN E INIEZIONI
==========================================

1. Plugin Crossplane:
NAME                     NAME   READY   SYNCED   EXTERNAL-NAME            AGE
test-plugin-1774612417          True    True     test-plugin-1774612417   19s

2. Plugin nel database:
uuid	name
f4b07114-8309-45de-8531-0afac1f250cd	Test Plugin

3. Plugin iniettati nelle board:
board_name	board_code	plugin_name	plugin_uuid	status	onboot
Test Board 5	TEST-BOARD-1774612238-5	Test Plugin	f4b07114-8309-45de-8531-0afac1f250cd	injected	0

4. BoardPluginInjection CRD:
NAME                                                       READY   SYNCED   EXTERNAL-NAME                                              AGE
injection-test-board-1774612238-5-test-plugin-1774612417   True    True     injection-test-board-1774612238-5-test-plugin-1774612417   7s

5. Stato Crossplane Provider:
322d8944-636a-4133-873e-4b24a2487123   3m27s   s4t-provider-domain   Device                 test-board-1
3b5e0f59-1d6f-4f8b-91d6-414a90a4eac0   3m18s   s4t-provider-domain   Device                 test-board-5
6feccc2d-1bc7-4d87-9b56-f4f8299bf5aa   7s      s4t-provider-domain   BoardPluginInjection   injection-test-board-1774612238-5-test-plugin-1774612417
86dd3cab-8ca5-48ef-9838-761e91f765cf   3m25s   s4t-provider-domain   Device                 test-board-2
a29ab1bc-117b-441c-949b-a37201ae32ae   3m23s   s4t-provider-domain   Device                 test-board-3
a97c4d84-dbd1-4e18-ad6f-ddcef7e0b057   3m21s   s4t-provider-domain   Device                 test-board-4
b8e038f2-8092-47e1-852a-d07726647d1c   20s     s4t-provider-domain   Plugin                 test-plugin-1774612417

[0;32m[OK][0m Verifica plugin e injection completato

[0;32m[OK][0m Suite CRD completata
[0;34m[INFO][0m Report completo: /home/salvo/Scrivania/s4t_unified-deploy/stack4things-improved/scripts/../logs/run-crd-suite-20260327-125008.log
