[0;34m[INFO][0m Log file: /home/ubuntu/unified-deploy/stack4things-improved/scripts/../logs/run-crd-suite-20260327-165359.log
[0;34m[INFO][0m Plugin name: auto-discovery da creazione live

[0;34m[INFO][0m === Cleanup board esistenti ===

==========================================
  PULIZIA BOARD E LIGHTNING ROD
==========================================

Sei sicuro di voler cancellare tutte le board? (yes/no): 🗑️  Cancellazione Device Crossplane...
No resources found
🗑️  Cancellazione Lightning Rod pods...
No resources found
🗑️  Cancellazione Lightning Rod deployments...
No resources found
🗑️  Pulizia database...
ERROR 1146 (42S02) at line 1: Table 'iotronic.wamp_sessions' doesn't exist
command terminated with exit code 1
[1;33m⚠️  Tabella wamp_sessions non trovata o già vuota[0m
ERROR 1146 (42S02) at line 6: Table 'iotronic.injected_plugins' doesn't exist
command terminated with exit code 1
[1;33m⚠️  Errore nella cancellazione di plugin/servizi[0m
🔧 Correzione wampagents (solo uno attivo)...
[0;32m✔ Database pulito e wagents corretti[0m

==========================================
[0;32m✅ PULIZIA COMPLETATA[0m
==========================================

[0;32m[OK][0m Cleanup board esistenti completato

[0;34m[INFO][0m === Creazione board CRD ===

==========================================
  CREAZIONE 5 BOARD
==========================================

📦 Creazione 5 board tramite Crossplane...
device.iot.s4t.crossplane.io/test-board-1 created
device.iot.s4t.crossplane.io/test-board-2 created
device.iot.s4t.crossplane.io/test-board-3 created
device.iot.s4t.crossplane.io/test-board-4 created
device.iot.s4t.crossplane.io/test-board-5 created

⏳ Attesa creazione board (15 secondi)...

📊 Verifica board create:
NAME           BOARD NAME   BOARD STATUS   BOARD LOCATION   READY   SYNCED   EXTERNAL-NAME   AGE
test-board-1                                                True    True     test-board-1    26s
test-board-2                                                True    True     test-board-2    24s
test-board-3                                                True    True     test-board-3    22s
test-board-4                                                True    True     test-board-4    20s
test-board-5                                                True    True     test-board-5    17s

📋 Board codes:
  - TEST-BOARD-1774630459-1
  - TEST-BOARD-1774630461-2
  - TEST-BOARD-1774630463-3
  - TEST-BOARD-1774630465-4
  - TEST-BOARD-1774630468-5

⚡ Creazione Lightning Rod per ogni board...

  Creazione Lightning Rod per: TEST-BOARD-1774630459-1
Lightning Rod creato per board: TEST-BOARD-1774630459-1

Per vedere i log:
  kubectl logs -n default -l board-code=TEST-BOARD-1774630459-1 -f


  Creazione Lightning Rod per: TEST-BOARD-1774630461-2
Lightning Rod creato per board: TEST-BOARD-1774630461-2

Per vedere i log:
  kubectl logs -n default -l board-code=TEST-BOARD-1774630461-2 -f


  Creazione Lightning Rod per: TEST-BOARD-1774630463-3
Lightning Rod creato per board: TEST-BOARD-1774630463-3

Per vedere i log:
  kubectl logs -n default -l board-code=TEST-BOARD-1774630463-3 -f


  Creazione Lightning Rod per: TEST-BOARD-1774630465-4
Lightning Rod creato per board: TEST-BOARD-1774630465-4

Per vedere i log:
  kubectl logs -n default -l board-code=TEST-BOARD-1774630465-4 -f


  Creazione Lightning Rod per: TEST-BOARD-1774630468-5
Lightning Rod creato per board: TEST-BOARD-1774630468-5

Per vedere i log:
  kubectl logs -n default -l board-code=TEST-BOARD-1774630468-5 -f


⏳ Attesa pod Lightning Rod ready...
pod/lightning-rod-test-board-1774630459-1-84d9494ddc-wswx6 condition met
pod/lightning-rod-test-board-1774630461-2-64bb666679-p7tmz condition met
pod/lightning-rod-test-board-1774630463-3-78dd4c98b5-cmwr2 condition met
pod/lightning-rod-test-board-1774630465-4-796d9b587-ktkfg condition met
pod/lightning-rod-test-board-1774630468-5-5974ffc699-kt2vr condition met

🔧 Verifica wampagent attivo...
  Correzione wagents duplicati...
  Wagent attivo: iotronic-wagent-5c685c9997-mmgn2
  Aggiornamento board con wagent attivo...
[0;32m  ✅ Board configurate con wagent attivo[0m
  Riavvio conductor...
pod "iotronic-conductor-7d6dccdf85-6782v" deleted from default namespace

⏳ Attesa connessione board (60 secondi)...

==========================================
  STATO FINALE
==========================================

📊 Board e stato:
code	status	agent
TEST-BOARD-1774630459-1	registered	iotronic-wagent-5c685c9997-mmgn2
TEST-BOARD-1774630461-2	registered	iotronic-wagent-5c685c9997-mmgn2
TEST-BOARD-1774630463-3	registered	iotronic-wagent-5c685c9997-mmgn2
TEST-BOARD-1774630465-4	registered	iotronic-wagent-5c685c9997-mmgn2
TEST-BOARD-1774630468-5	registered	iotronic-wagent-5c685c9997-mmgn2

📈 Statistiche:
  Board totali: 5
  Board online: 0

==========================================
[0;32m✅ COMPLETATO[0m
==========================================

Le board dovrebbero connettersi e diventare online entro pochi minuti.
Verifica lo stato dalla dashboard o con:
  kubectl exec -n default <db-pod> -- mysql -uroot -ps4t iotronic -e "SELECT code, status FROM boards;"

[0;32m[OK][0m Creazione board CRD completato
[0;34m[INFO][0m Board live selezionata per injection: TEST-BOARD-1774630468-5

[0;34m[INFO][0m === Compilazione settings board ===

==========================================
  COMPILAZIONE SETTINGS.JSON PER TUTTE LE BOARD
==========================================

WSS URL: wss://crossbar.default.svc.cluster.local:8181/
WAMP Realm: s4t


Board: TEST-BOARD-1774630459-1
  Nota: UUID verrà aggiunto dal cloud alla prima connessione
  Pod: lightning-rod-test-board-1774630459-1-84d9494ddc-wswx6
[INFO] settings.json compilato per board: TEST-BOARD-1774630459-1
[0;32m  ✅ settings.json compilato[0m

Board: TEST-BOARD-1774630461-2
  Nota: UUID verrà aggiunto dal cloud alla prima connessione
  Pod: lightning-rod-test-board-1774630461-2-64bb666679-p7tmz
[INFO] settings.json compilato per board: TEST-BOARD-1774630461-2
[0;32m  ✅ settings.json compilato[0m

Board: TEST-BOARD-1774630463-3
  Nota: UUID verrà aggiunto dal cloud alla prima connessione
  Pod: lightning-rod-test-board-1774630463-3-78dd4c98b5-cmwr2
[INFO] settings.json compilato per board: TEST-BOARD-1774630463-3
[0;32m  ✅ settings.json compilato[0m

Board: TEST-BOARD-1774630465-4
  Nota: UUID verrà aggiunto dal cloud alla prima connessione
  Pod: lightning-rod-test-board-1774630465-4-796d9b587-ktkfg
[INFO] settings.json compilato per board: TEST-BOARD-1774630465-4
[0;32m  ✅ settings.json compilato[0m

Board: TEST-BOARD-1774630468-5
  Nota: UUID verrà aggiunto dal cloud alla prima connessione
  Pod: lightning-rod-test-board-1774630468-5-5974ffc699-kt2vr
[INFO] settings.json compilato per board: TEST-BOARD-1774630468-5
[0;32m  ✅ settings.json compilato[0m

==========================================
[0;32m✅ COMPLETATO[0m
==========================================

Board processate: 5
Settings.json compilati: 5

[0;32m[OK][0m Compilazione settings board completato

[0;34m[INFO][0m === Allineamento board online ===
[INFO] Stato board aggiornato da sessioni valide
code	status	agent
TEST-BOARD-1774630459-1	online	iotronic-wagent-5c685c9997-mmgn2
TEST-BOARD-1774630461-2	online	iotronic-wagent-5c685c9997-mmgn2
TEST-BOARD-1774630463-3	online	iotronic-wagent-5c685c9997-mmgn2
TEST-BOARD-1774630465-4	online	iotronic-wagent-5c685c9997-mmgn2
TEST-BOARD-1774630468-5	online	iotronic-wagent-5c685c9997-mmgn2
[0;32m[OK][0m Allineamento board online completato

[0;34m[INFO][0m === Test creazione plugin ===

==========================================
  TEST CREAZIONE PLUGIN
==========================================

1. Creazione plugin: test-plugin-1774630646
plugin.iot.s4t.crossplane.io/test-plugin-1774630646 created

2. Attesa creazione plugin (60 secondi)...
  [1/12] Ready: True, Synced: True
[0;32mPlugin creato con successo![0m

3. Stato finale plugin:
NAME                     NAME   READY   SYNCED   EXTERNAL-NAME            AGE
test-plugin-1774630646          True    True     test-plugin-1774630646   6s

4. Verifica nel database:
uuid	name
bf0a614e-3df0-44bb-a339-839d9abb4093	Test Plugin

5. Log Crossplane Provider:
] OwnerReferences:[] Finalizers:[finalizer.managedresource.crossplane.io] ManagedFields:[{Manager:kubectl-client-side-apply Operation:Update APIVersion:iot.s4t.crossplane.io/v1alpha1 Time:2026-03-27 16:54:21 +0000 UTC FieldsType:FieldsV1 FieldsV1:{"f:metadata":{"f:annotations":{".":{},"f:kubectl.kubernetes.io/last-applied-configuration":{}}},"f:spec":{".":{},"f:deletionPolicy":{},"f:forProvider":{".":{},"f:code":{},"f:location":{},"f:name":{},"f:type":{}},"f:managementPolicies":{},"f:providerConfigRef":{".":{},"f:name":{}}}} Subresource:} {Manager:crossplane-s4t-provider Operation:Update APIVersion:iot.s4t.crossplane.io/v1alpha1 Time:2026-03-27 16:54:23 +0000 UTC FieldsType:FieldsV1 FieldsV1:{"f:metadata":{"f:annotations":{"f:crossplane.io/external-create-pending":{},"f:crossplane.io/external-create-succeeded":{},"f:crossplane.io/external-name":{}},"f:finalizers":{".":{},"v:\"finalizer.managedresource.crossplane.io\"":{}}},"f:spec":{"f:forProvider":{"f:status":{},"f:uuid":{}}}} Subresource:} {Manager:crossplane-s4t-provider Operation:Update APIVersion:iot.s4t.crossplane.io/v1alpha1 Time:2026-03-27 16:54:25 +0000 UTC FieldsType:FieldsV1 FieldsV1:{"f:status":{".":{},"f:atProvider":{},"f:conditions":{".":{},"k:{\"type\":\"Ready\"}":{".":{},"f:lastTransitionTime":{},"f:reason":{},"f:status":{},"f:type":{}},"k:{\"type\":\"Synced\"}":{".":{},"f:lastTransitionTime":{},"f:reason":{},"f:status":{},"f:type":{}}}}} Subresource:status}]} Spec:{ResourceSpec:{WriteConnectionSecretToReference:<nil> PublishConnectionDetailsTo:<nil> ProviderConfigReference:0xc000ddcfa8 ManagementPolicies:[*] DeletionPolicy:Delete} ForProvider:{Uuid:e6943911-00aa-4120-97d1-e7bd3728a4f5 Code:TEST-BOARD-1774630461-2 Status:registered Name:Test Board 2 Type:virtual Agent: Wstunip: Session: LRversion: Location:[{Longitude:13.3613 Latitude:38.1157 Altitude:0 UpdatedAt:[]}] Services:[] Plugins:[]}} Status:{ResourceStatus:{ConditionedStatus:{Conditions:[{Type:Ready Status:True LastTransitionTime:2026-03-27 16:54:25 +0000 UTC Reason:Available Message: ObservedGeneration:0} {Type:Synced Status:True LastTransitionTime:2026-03-27 16:54:23 +0000 UTC Reason:ReconcileSuccess Message: ObservedGeneration:0}]} ObservedStatus:{ObservedGeneration:0}} AtProvider:{Code: Uuid:} Status: Uuid:}}Observing: &{TypeMeta:{Kind:Plugin APIVersion:iot.s4t.crossplane.io/v1alpha1} ObjectMeta:{Name:test-plugin-1774630646 GenerateName: Namespace: SelfLink: UID:075e29d4-f26f-4f7f-a6aa-40599b28f0ef ResourceVersion:4811 Generation:2 CreationTimestamp:2026-03-27 16:57:26 +0000 UTC DeletionTimestamp:<nil> DeletionGracePeriodSeconds:<nil> Labels:map[] Annotations:map[crossplane.io/external-create-pending:2026-03-27T16:57:28Z crossplane.io/external-create-succeeded:2026-03-27T16:57:28Z crossplane.io/external-name:test-plugin-1774630646 kubectl.kubernetes.io/last-applied-configuration:{"apiVersion":"iot.s4t.crossplane.io/v1alpha1","kind":"Plugin","metadata":{"annotations":{},"name":"test-plugin-1774630646"},"spec":{"deletionPolicy":"Delete","forProvider":{"code":"from iotronic_lightningrod.modules.plugins import Plugin\nfrom oslo_log import log as logging\nimport time\n\nLOG = logging.getLogger(__name__)\n\nclass Worker(Plugin.Plugin):\n    def __init__(self, uuid, name, q_result=None, params=None):\n        super(Worker, self).__init__(uuid, name, q_result, params)\n        \n    def run(self):\n        LOG.info(f\"Plugin {self.name} started\")\n        LOG.info(f\"Input parameters: {self.params}\")\n        while self._is_running:\n            LOG.info(\"Plugin running...\")\n            time.sleep(5)\n        LOG.info(\"Plugin stopped\")\n        if self.q_result:\n            self.q_result.put(\"SUCCESS\")\n","name":"Test Plugin","parameters":{"test":true}},"providerConfigRef":{"name":"s4t-provider-domain"}}}
] OwnerReferences:[] Finalizers:[finalizer.managedresource.crossplane.io] ManagedFields:[{Manager:kubectl-client-side-apply Operation:Update APIVersion:iot.s4t.crossplane.io/v1alpha1 Time:2026-03-27 16:57:26 +0000 UTC FieldsType:FieldsV1 FieldsV1:{"f:metadata":{"f:annotations":{".":{},"f:kubectl.kubernetes.io/last-applied-configuration":{}}},"f:spec":{".":{},"f:deletionPolicy":{},"f:forProvider":{".":{},"f:code":{},"f:name":{},"f:parameters":{".":{},"f:test":{}}},"f:managementPolicies":{},"f:providerConfigRef":{".":{},"f:name":{}}}} Subresource:} {Manager:crossplane-s4t-provider Operation:Update APIVersion:iot.s4t.crossplane.io/v1alpha1 Time:2026-03-27 16:57:28 +0000 UTC FieldsType:FieldsV1 FieldsV1:{"f:metadata":{"f:annotations":{"f:crossplane.io/external-create-pending":{},"f:crossplane.io/external-create-succeeded":{},"f:crossplane.io/external-name":{}},"f:finalizers":{".":{},"v:\"finalizer.managedresource.crossplane.io\"":{}}},"f:spec":{"f:forProvider":{"f:uuid":{}}}} Subresource:} {Manager:crossplane-s4t-provider Operation:Update APIVersion:iot.s4t.crossplane.io/v1alpha1 Time:2026-03-27 16:57:30 +0000 UTC FieldsType:FieldsV1 FieldsV1:{"f:status":{".":{},"f:atProvider":{".":{},"f:name":{}},"f:conditions":{".":{},"k:{\"type\":\"Ready\"}":{".":{},"f:lastTransitionTime":{},"f:reason":{},"f:status":{},"f:type":{}},"k:{\"type\":\"Synced\"}":{".":{},"f:lastTransitionTime":{},"f:reason":{},"f:status":{},"f:type":{}}}}} Subresource:status}]} Spec:{ResourceSpec:{WriteConnectionSecretToReference:<nil> PublishConnectionDetailsTo:<nil> ProviderConfigReference:0xc000cd3038 ManagementPolicies:[*] DeletionPolicy:Delete} ForProvider:{Uuid:bf0a614e-3df0-44bb-a339-839d9abb4093 Name:Test Plugin Parameters:{Raw:[123 34 116 101 115 116 34 58 116 114 117 101 125] Object:<nil>} Code:from iotronic_lightningrod.modules.plugins import Plugin
class Worker(Plugin.Plugin):
        LOG.info(f"Plugin {self.name} started")
            LOG.info("Plugin running...")
        LOG.info("Plugin stopped")

==========================================
Test completato!
==========================================
[0;32m[OK][0m Test creazione plugin completato
[0;34m[INFO][0m Plugin live selezionato per injection: test-plugin-1774630646

[0;34m[INFO][0m === Injection plugin via CRD ===

==========================================
  INJECTING PLUGIN USING CRD
==========================================

Board Code: TEST-BOARD-1774630468-5
Plugin Name: test-plugin-1774630646

Board UUID: cdcb61f8-3222-479c-9257-662150701c9e
Plugin UUID: bf0a614e-3df0-44bb-a339-839d9abb4093

Creating BoardPluginInjection CRD: injection-test-board-1774630468-5-test-plugin-1774630646
boardplugininjection.iot.s4t.crossplane.io/injection-test-board-1774630468-5-test-plugin-1774630646 created

Waiting for injection to be ready...
NAME                                                       READY   SYNCED   EXTERNAL-NAME                                              AGE
injection-test-board-1774630468-5-test-plugin-1774630646   True    True     injection-test-board-1774630468-5-test-plugin-1774630646   5s

==========================================
[0;32mInjection created![0m
==========================================

To verify injection:
  kubectl get boardplugininjection injection-test-board-1774630468-5-test-plugin-1774630646 -n default
  kubectl describe boardplugininjection injection-test-board-1774630468-5-test-plugin-1774630646 -n default

To check in database:
  DB_POD=$(kubectl get pod -n default -l io.kompose.service=iotronic-db -o jsonpath='{.items[0].metadata.name}')
  kubectl exec -n default $DB_POD -- mysql -uroot -ps4t iotronic -e "SELECT * FROM injected_plugins WHERE board='cdcb61f8-3222-479c-9257-662150701c9e' AND plugin='bf0a614e-3df0-44bb-a339-839d9abb4093';"
[0;32m[OK][0m Injection plugin via CRD completato

[0;34m[INFO][0m === Verifica plugin e injection ===

==========================================
  VERIFICA PLUGIN E INIEZIONI
==========================================

1. Plugin Crossplane:
NAME                     NAME   READY   SYNCED   EXTERNAL-NAME            AGE
test-plugin-1774630646          True    True     test-plugin-1774630646   13s

2. Plugin nel database:
uuid	name
bf0a614e-3df0-44bb-a339-839d9abb4093	Test Plugin

3. Plugin iniettati nelle board:
board_name	board_code	plugin_name	plugin_uuid	status	onboot
Test Board 5	TEST-BOARD-1774630468-5	Test Plugin	bf0a614e-3df0-44bb-a339-839d9abb4093	injected	0

4. BoardPluginInjection CRD:
NAME                                                       READY   SYNCED   EXTERNAL-NAME                                              AGE
injection-test-board-1774630468-5-test-plugin-1774630646   True    True     injection-test-board-1774630468-5-test-plugin-1774630646   6s

5. Stato Crossplane Provider:
075e29d4-f26f-4f7f-a6aa-40599b28f0ef   14s     s4t-provider-domain   Plugin                 test-plugin-1774630646
4fdc37a8-521d-4d1b-b9d7-3db0b831888c   3m19s   s4t-provider-domain   Device                 test-board-2
82ce7ef1-ada1-4bd1-9121-0a77bd9b6a7f   3m17s   s4t-provider-domain   Device                 test-board-3
8af9e2a7-f684-4fe9-ba29-9f5ad1a8a287   6s      s4t-provider-domain   BoardPluginInjection   injection-test-board-1774630468-5-test-plugin-1774630646
ae804d8b-7347-4976-a37d-8186c3fd0f8e   3m14s   s4t-provider-domain   Device                 test-board-4
c10fa8fc-927f-49da-ba78-c4d55b87e9d9   3m12s   s4t-provider-domain   Device                 test-board-5
c5fbaa00-d800-4cda-8e59-be7991240305   3m21s   s4t-provider-domain   Device                 test-board-1

[0;32m[OK][0m Verifica plugin e injection completato

[0;32m[OK][0m Suite CRD completata
[0;34m[INFO][0m Report completo: /home/ubuntu/unified-deploy/stack4things-improved/scripts/../logs/run-crd-suite-20260327-165359.log
