[0;34m[INFO][0m Log file: /home/ubuntu/unified-deploy/stack4things-improved/scripts/../logs/run-crd-suite-20260326-180152.log
[0;34m[INFO][0m Plugin name: test-plugin-crd

[0;34m[INFO][0m === Cleanup board esistenti ===

==========================================
  PULIZIA BOARD E LIGHTNING ROD
==========================================

Sei sicuro di voler cancellare tutte le board? (yes/no): 🗑️  Cancellazione Device Crossplane...
No resources found
🗑️  Cancellazione Lightning Rod pods...
No resources found
🗑️  Cancellazione Lightning Rod deployments...
No resources found
🗑️  Pulizia database...
ERROR 1146 (42S02) at line 1: Table 'iotronic.wamp_sessions' doesn't exist
command terminated with exit code 1
[1;33m⚠️  Tabella wamp_sessions non trovata o già vuota[0m
ERROR 1146 (42S02) at line 6: Table 'iotronic.injected_plugins' doesn't exist
command terminated with exit code 1
[1;33m⚠️  Errore nella cancellazione di plugin/servizi[0m
🔧 Correzione wampagents (solo uno attivo)...
[0;32m✔ Database pulito e wagents corretti[0m

==========================================
[0;32m✅ PULIZIA COMPLETATA[0m
==========================================

[0;32m[OK][0m Cleanup board esistenti completato

[0;34m[INFO][0m === Creazione board CRD ===

==========================================
  CREAZIONE 5 BOARD
==========================================

📦 Creazione 5 board tramite Crossplane...
device.iot.s4t.crossplane.io/test-board-1 created
device.iot.s4t.crossplane.io/test-board-2 created
device.iot.s4t.crossplane.io/test-board-3 created
device.iot.s4t.crossplane.io/test-board-4 created
device.iot.s4t.crossplane.io/test-board-5 created

⏳ Attesa creazione board (15 secondi)...

📊 Verifica board create:
NAME           BOARD NAME   BOARD STATUS   BOARD LOCATION   READY   SYNCED   EXTERNAL-NAME   AGE
test-board-1                                                True    True     test-board-1    26s
test-board-2                                                True    True     test-board-2    24s
test-board-3                                                True    True     test-board-3    22s
test-board-4                                                True    True     test-board-4    20s
test-board-5                                                True    True     test-board-5    18s

📋 Board codes:
  - TEST-BOARD-1774548132-1
  - TEST-BOARD-1774548134-2
  - TEST-BOARD-1774548136-3
  - TEST-BOARD-1774548138-4
  - TEST-BOARD-1774548140-5

⚡ Creazione Lightning Rod per ogni board...

  Creazione Lightning Rod per: TEST-BOARD-1774548132-1
Lightning Rod creato per board: TEST-BOARD-1774548132-1

Per vedere i log:
  kubectl logs -n default -l board-code=TEST-BOARD-1774548132-1 -f


  Creazione Lightning Rod per: TEST-BOARD-1774548134-2
Lightning Rod creato per board: TEST-BOARD-1774548134-2

Per vedere i log:
  kubectl logs -n default -l board-code=TEST-BOARD-1774548134-2 -f


  Creazione Lightning Rod per: TEST-BOARD-1774548136-3
Lightning Rod creato per board: TEST-BOARD-1774548136-3

Per vedere i log:
  kubectl logs -n default -l board-code=TEST-BOARD-1774548136-3 -f


  Creazione Lightning Rod per: TEST-BOARD-1774548138-4
Lightning Rod creato per board: TEST-BOARD-1774548138-4

Per vedere i log:
  kubectl logs -n default -l board-code=TEST-BOARD-1774548138-4 -f


  Creazione Lightning Rod per: TEST-BOARD-1774548140-5
Lightning Rod creato per board: TEST-BOARD-1774548140-5

Per vedere i log:
  kubectl logs -n default -l board-code=TEST-BOARD-1774548140-5 -f


⏳ Attesa pod Lightning Rod ready...
pod/lightning-rod-test-board-1774548132-1-6b44f87d54-kt8dz condition met
pod/lightning-rod-test-board-1774548134-2-cbd5c4f6-77lws condition met
pod/lightning-rod-test-board-1774548136-3-7f446f49f4-24df8 condition met
pod/lightning-rod-test-board-1774548138-4-8657ffb58d-qcv7l condition met
pod/lightning-rod-test-board-1774548140-5-68c985df76-jkznr condition met

🔧 Verifica wampagent attivo...
  Correzione wagents duplicati...
  Wagent attivo: iotronic-wagent-6c7cc4798b-zl58j
  Aggiornamento board con wagent attivo...
[0;32m  ✅ Board configurate con wagent attivo[0m
  Riavvio conductor...
pod "iotronic-conductor-5f78786544-d5jx2" deleted from default namespace

⏳ Attesa connessione board (60 secondi)...

==========================================
  STATO FINALE
==========================================

📊 Board e stato:
code	status	agent
TEST-BOARD-1774548132-1	registered	iotronic-wagent-6c7cc4798b-zl58j
TEST-BOARD-1774548134-2	registered	iotronic-wagent-6c7cc4798b-zl58j
TEST-BOARD-1774548136-3	registered	iotronic-wagent-6c7cc4798b-zl58j
TEST-BOARD-1774548138-4	registered	iotronic-wagent-6c7cc4798b-zl58j
TEST-BOARD-1774548140-5	registered	iotronic-wagent-6c7cc4798b-zl58j

📈 Statistiche:
  Board totali: 5
  Board online: 0

==========================================
[0;32m✅ COMPLETATO[0m
==========================================

Le board dovrebbero connettersi e diventare online entro pochi minuti.
Verifica lo stato dalla dashboard o con:
  kubectl exec -n default <db-pod> -- mysql -uroot -ps4t iotronic -e "SELECT code, status FROM boards;"

[0;32m[OK][0m Creazione board CRD completato
[0;34m[INFO][0m Board live selezionata per injection: TEST-BOARD-1774548140-5

[0;34m[INFO][0m === Compilazione settings board ===

==========================================
  COMPILAZIONE SETTINGS.JSON PER TUTTE LE BOARD
==========================================

WSS URL: wss://crossbar.default.svc.cluster.local:8181/
WAMP Realm: s4t


Board: TEST-BOARD-1774548132-1
  Nota: UUID verrà aggiunto dal cloud alla prima connessione
  Pod: lightning-rod-test-board-1774548132-1-6b44f87d54-kt8dz
[INFO] settings.json compilato per board: TEST-BOARD-1774548132-1
[0;32m  ✅ settings.json compilato[0m

Board: TEST-BOARD-1774548134-2
  Nota: UUID verrà aggiunto dal cloud alla prima connessione
  Pod: lightning-rod-test-board-1774548134-2-cbd5c4f6-77lws
[INFO] settings.json compilato per board: TEST-BOARD-1774548134-2
[0;32m  ✅ settings.json compilato[0m

Board: TEST-BOARD-1774548136-3
  Nota: UUID verrà aggiunto dal cloud alla prima connessione
  Pod: lightning-rod-test-board-1774548136-3-7f446f49f4-24df8
[INFO] settings.json compilato per board: TEST-BOARD-1774548136-3
[0;32m  ✅ settings.json compilato[0m

Board: TEST-BOARD-1774548138-4
  Nota: UUID verrà aggiunto dal cloud alla prima connessione
  Pod: lightning-rod-test-board-1774548138-4-8657ffb58d-qcv7l
[INFO] settings.json compilato per board: TEST-BOARD-1774548138-4
[0;32m  ✅ settings.json compilato[0m

Board: TEST-BOARD-1774548140-5
  Nota: UUID verrà aggiunto dal cloud alla prima connessione
  Pod: lightning-rod-test-board-1774548140-5-68c985df76-jkznr
[INFO] settings.json compilato per board: TEST-BOARD-1774548140-5
[0;32m  ✅ settings.json compilato[0m

==========================================
[0;32m✅ COMPLETATO[0m
==========================================

Board processate: 5
Settings.json compilati: 5

[0;32m[OK][0m Compilazione settings board completato

[0;34m[INFO][0m === Allineamento board online ===
[INFO] Stato board aggiornato da sessioni valide
code	status	agent
TEST-BOARD-1774548132-1	online	iotronic-wagent-6c7cc4798b-zl58j
TEST-BOARD-1774548134-2	online	iotronic-wagent-6c7cc4798b-zl58j
TEST-BOARD-1774548136-3	online	iotronic-wagent-6c7cc4798b-zl58j
TEST-BOARD-1774548138-4	online	iotronic-wagent-6c7cc4798b-zl58j
TEST-BOARD-1774548140-5	online	iotronic-wagent-6c7cc4798b-zl58j
[0;32m[OK][0m Allineamento board online completato

[0;34m[INFO][0m === Test creazione plugin ===

==========================================
  TEST CREAZIONE PLUGIN
==========================================

1. Creazione plugin: test-plugin-1774548316
plugin.iot.s4t.crossplane.io/test-plugin-1774548316 created

2. Attesa creazione plugin (60 secondi)...
  [1/12] Ready: True, Synced: True
[0;32mPlugin creato con successo![0m

3. Stato finale plugin:
NAME                     NAME   READY   SYNCED   EXTERNAL-NAME            AGE
test-plugin-1774548316          True    True     test-plugin-1774548316   6s

4. Verifica nel database:
uuid	name
1d84d02a-88ab-4b8f-b3e7-537244ff0e4f	Test Plugin

5. Log Crossplane Provider:
 Version:}} Status:{ResourceStatus:{ConditionedStatus:{Conditions:[{Type:Ready Status:False LastTransitionTime:2026-03-26 18:05:18 +0000 UTC Reason:Creating Message: ObservedGeneration:0} {Type:Synced Status:True LastTransitionTime:2026-03-26 18:05:18 +0000 UTC Reason:ReconcileSuccess Message: ObservedGeneration:0}]} ObservedStatus:{ObservedGeneration:0}} AtProvider:{Name:}}}Observing: &{TypeMeta:{Kind:Plugin APIVersion:iot.s4t.crossplane.io/v1alpha1} ObjectMeta:{Name:test-plugin-1774548316 GenerateName: Namespace: SelfLink: UID:41b2639e-520a-4c6b-b664-f358588f542c ResourceVersion:4684 Generation:2 CreationTimestamp:2026-03-26 18:05:16 +0000 UTC DeletionTimestamp:<nil> DeletionGracePeriodSeconds:<nil> Labels:map[] Annotations:map[crossplane.io/external-create-pending:2026-03-26T18:05:18Z crossplane.io/external-create-succeeded:2026-03-26T18:05:18Z crossplane.io/external-name:test-plugin-1774548316 kubectl.kubernetes.io/last-applied-configuration:{"apiVersion":"iot.s4t.crossplane.io/v1alpha1","kind":"Plugin","metadata":{"annotations":{},"name":"test-plugin-1774548316"},"spec":{"deletionPolicy":"Delete","forProvider":{"code":"from iotronic_lightningrod.modules.plugins import Plugin\nfrom oslo_log import log as logging\nimport time\n\nLOG = logging.getLogger(__name__)\n\nclass Worker(Plugin.Plugin):\n    def __init__(self, uuid, name, q_result=None, params=None):\n        super(Worker, self).__init__(uuid, name, q_result, params)\n        \n    def run(self):\n        LOG.info(f\"Plugin {self.name} started\")\n        LOG.info(f\"Input parameters: {self.params}\")\n        while self._is_running:\n            LOG.info(\"Plugin running...\")\n            time.sleep(5)\n        LOG.info(\"Plugin stopped\")\n        if self.q_result:\n            self.q_result.put(\"SUCCESS\")\n","name":"Test Plugin","parameters":{"test":true}},"providerConfigRef":{"name":"s4t-provider-domain"}}}
] OwnerReferences:[] Finalizers:[finalizer.managedresource.crossplane.io] ManagedFields:[{Manager:kubectl-client-side-apply Operation:Update APIVersion:iot.s4t.crossplane.io/v1alpha1 Time:2026-03-26 18:05:16 +0000 UTC FieldsType:FieldsV1 FieldsV1:{"f:metadata":{"f:annotations":{".":{},"f:kubectl.kubernetes.io/last-applied-configuration":{}}},"f:spec":{".":{},"f:deletionPolicy":{},"f:forProvider":{".":{},"f:code":{},"f:name":{},"f:parameters":{".":{},"f:test":{}}},"f:managementPolicies":{},"f:providerConfigRef":{".":{},"f:name":{}}}} Subresource:} {Manager:crossplane-s4t-provider Operation:Update APIVersion:iot.s4t.crossplane.io/v1alpha1 Time:2026-03-26 18:05:18 +0000 UTC FieldsType:FieldsV1 FieldsV1:{"f:metadata":{"f:annotations":{"f:crossplane.io/external-create-pending":{},"f:crossplane.io/external-create-succeeded":{},"f:crossplane.io/external-name":{}},"f:finalizers":{".":{},"v:\"finalizer.managedresource.crossplane.io\"":{}}},"f:spec":{"f:forProvider":{"f:uuid":{}}}} Subresource:} {Manager:crossplane-s4t-provider Operation:Update APIVersion:iot.s4t.crossplane.io/v1alpha1 Time:2026-03-26 18:05:20 +0000 UTC FieldsType:FieldsV1 FieldsV1:{"f:status":{".":{},"f:atProvider":{".":{},"f:name":{}},"f:conditions":{".":{},"k:{\"type\":\"Ready\"}":{".":{},"f:lastTransitionTime":{},"f:reason":{},"f:status":{},"f:type":{}},"k:{\"type\":\"Synced\"}":{".":{},"f:lastTransitionTime":{},"f:reason":{},"f:status":{},"f:type":{}}}}} Subresource:status}]} Spec:{ResourceSpec:{WriteConnectionSecretToReference:<nil> PublishConnectionDetailsTo:<nil> ProviderConfigReference:0xc000f0e7e0 ManagementPolicies:[*] DeletionPolicy:Delete} ForProvider:{Uuid:1d84d02a-88ab-4b8f-b3e7-537244ff0e4f Name:Test Plugin Parameters:{Raw:[123 34 116 101 115 116 34 58 116 114 117 101 125] Object:<nil>} Code:from iotronic_lightningrod.modules.plugins import Plugin
class Worker(Plugin.Plugin):
        LOG.info(f"Plugin {self.name} started")
            LOG.info("Plugin running...")
        LOG.info("Plugin stopped")

==========================================
Test completato!
==========================================
[0;32m[OK][0m Test creazione plugin completato

[0;34m[INFO][0m === Injection plugin via CRD ===

==========================================
  INJECTING PLUGIN USING CRD
==========================================

Board Code: TEST-BOARD-1774548140-5
Plugin Name: test-plugin-crd

Board UUID: fc76e6a0-05df-4c99-ad42-2e5ff46dca57
[0;31mERROR: Plugin 'test-plugin-crd' not found or UUID not available[0m

Available plugins:
NAME                     NAME   READY   SYNCED   EXTERNAL-NAME            AGE
test-plugin-1774548316          True    True     test-plugin-1774548316   8s

Plugin details:
